TN:
SF:controllers/authController.js
FN:11,(anonymous_0)
FN:22,(anonymous_1)
FN:34,(anonymous_2)
FN:45,(anonymous_3)
FN:52,(anonymous_4)
FN:79,(anonymous_5)
FN:102,(anonymous_6)
FNF:7
FNH:3
FNDA:0,(anonymous_0)
FNDA:0,(anonymous_1)
FNDA:0,(anonymous_2)
FNDA:0,(anonymous_3)
FNDA:5,(anonymous_4)
FNDA:4,(anonymous_5)
FNDA:8,(anonymous_6)
DA:1,1
DA:2,1
DA:3,1
DA:5,1
DA:6,1
DA:11,1
DA:12,0
DA:13,0
DA:14,0
DA:15,0
DA:16,0
DA:21,1
DA:23,0
DA:24,0
DA:25,0
DA:27,0
DA:28,0
DA:34,1
DA:35,0
DA:36,0
DA:37,0
DA:39,0
DA:45,1
DA:46,0
DA:47,0
DA:48,0
DA:52,1
DA:53,5
DA:54,5
DA:56,5
DA:57,1
DA:60,4
DA:62,4
DA:63,1
DA:66,3
DA:67,1
DA:70,2
DA:72,1
DA:74,1
DA:75,1
DA:79,1
DA:80,4
DA:81,4
DA:83,4
DA:84,1
DA:87,3
DA:89,3
DA:90,1
DA:93,2
DA:95,1
DA:97,1
DA:98,1
DA:102,1
DA:103,8
DA:104,8
DA:106,8
DA:107,1
DA:110,7
DA:112,7
DA:113,1
DA:116,6
DA:117,6
DA:118,1
DA:121,5
DA:122,2
DA:125,3
DA:126,3
DA:127,1
DA:130,2
DA:132,1
DA:134,1
DA:135,1
DA:140,1
LF:73
LH:56
BRDA:14,0,0,0
BRDA:14,0,1,0
BRDA:56,1,0,1
BRDA:56,1,1,4
BRDA:62,2,0,1
BRDA:62,2,1,3
BRDA:62,3,0,4
BRDA:62,3,1,3
BRDA:66,4,0,1
BRDA:66,4,1,2
BRDA:75,5,0,1
BRDA:75,5,1,0
BRDA:83,6,0,1
BRDA:83,6,1,3
BRDA:89,7,0,1
BRDA:89,7,1,2
BRDA:89,8,0,3
BRDA:89,8,1,2
BRDA:98,9,0,1
BRDA:98,9,1,0
BRDA:106,10,0,1
BRDA:106,10,1,7
BRDA:112,11,0,1
BRDA:112,11,1,6
BRDA:112,12,0,7
BRDA:112,12,1,6
BRDA:117,13,0,1
BRDA:117,13,1,5
BRDA:121,14,0,2
BRDA:121,14,1,3
BRDA:126,15,0,1
BRDA:126,15,1,2
BRDA:135,16,0,1
BRDA:135,16,1,0
BRF:34
BRH:29
end_of_record
TN:
SF:controllers/gardenController.js
FN:5,(anonymous_0)
FN:8,(anonymous_1)
FN:14,(anonymous_2)
FN:17,(anonymous_3)
FN:24,(anonymous_4)
FN:36,(anonymous_5)
FN:71,(anonymous_6)
FN:87,(anonymous_7)
FN:102,(anonymous_8)
FN:115,(anonymous_9)
FN:128,(anonymous_10)
FN:145,(anonymous_11)
FNF:12
FNH:1
FNDA:0,(anonymous_0)
FNDA:0,(anonymous_1)
FNDA:0,(anonymous_2)
FNDA:0,(anonymous_3)
FNDA:0,(anonymous_4)
FNDA:0,(anonymous_5)
FNDA:4,(anonymous_6)
FNDA:0,(anonymous_7)
FNDA:0,(anonymous_8)
FNDA:0,(anonymous_9)
FNDA:0,(anonymous_10)
FNDA:0,(anonymous_11)
DA:1,1
DA:2,1
DA:3,1
DA:5,1
DA:6,0
DA:7,0
DA:8,0
DA:10,0
DA:14,1
DA:15,0
DA:16,0
DA:17,0
DA:19,0
DA:20,0
DA:24,1
DA:25,0
DA:26,0
DA:27,0
DA:28,0
DA:30,0
DA:32,0
DA:36,1
DA:37,0
DA:38,0
DA:39,0
DA:40,0
DA:42,0
DA:43,0
DA:46,0
DA:47,0
DA:48,0
DA:51,0
DA:52,0
DA:53,0
DA:54,0
DA:56,0
DA:64,0
DA:66,0
DA:67,0
DA:71,1
DA:72,4
DA:74,4
DA:75,2
DA:77,2
DA:78,1
DA:79,1
DA:80,1
DA:82,0
DA:87,1
DA:88,0
DA:89,0
DA:90,0
DA:92,0
DA:93,0
DA:94,0
DA:95,0
DA:97,0
DA:102,1
DA:103,0
DA:104,0
DA:105,0
DA:107,0
DA:108,0
DA:110,0
DA:115,1
DA:116,0
DA:117,0
DA:118,0
DA:120,0
DA:121,0
DA:123,0
DA:128,1
DA:129,0
DA:130,0
DA:131,0
DA:132,0
DA:134,0
DA:135,0
DA:137,0
DA:138,0
DA:140,0
DA:145,1
DA:146,0
DA:147,0
DA:148,0
DA:149,0
DA:151,0
DA:152,0
DA:154,0
DA:155,0
DA:156,0
DA:157,0
DA:159,0
DA:166,1
LF:94
LH:21
BRDA:27,0,0,0
BRDA:27,0,1,0
BRDA:39,1,0,0
BRDA:39,1,1,0
BRDA:42,2,0,0
BRDA:42,2,1,0
BRDA:47,3,0,0
BRDA:47,3,1,0
BRDA:59,4,0,0
BRDA:59,4,1,0
BRDA:77,5,0,1
BRDA:77,5,1,1
BRDA:79,6,0,1
BRDA:79,6,1,0
BRDA:92,7,0,0
BRDA:92,7,1,0
BRDA:94,8,0,0
BRDA:94,8,1,0
BRDA:107,9,0,0
BRDA:107,9,1,0
BRDA:120,10,0,0
BRDA:120,10,1,0
BRDA:131,11,0,0
BRDA:131,11,1,0
BRDA:137,12,0,0
BRDA:137,12,1,0
BRDA:137,13,0,0
BRDA:137,13,1,0
BRDA:148,14,0,0
BRDA:148,14,1,0
BRDA:154,15,0,0
BRDA:154,15,1,0
BRDA:156,16,0,0
BRDA:156,16,1,0
BRF:34
BRH:3
end_of_record
TN:
SF:controllers/inventoryController.js
FN:4,(anonymous_0)
FN:13,(anonymous_1)
FN:22,(anonymous_2)
FN:31,(anonymous_3)
FNF:4
FNH:0
FNDA:0,(anonymous_0)
FNDA:0,(anonymous_1)
FNDA:0,(anonymous_2)
FNDA:0,(anonymous_3)
DA:1,0
DA:2,0
DA:4,0
DA:5,0
DA:6,0
DA:7,0
DA:9,0
DA:13,0
DA:14,0
DA:15,0
DA:16,0
DA:18,0
DA:22,0
DA:23,0
DA:24,0
DA:25,0
DA:27,0
DA:31,0
DA:32,0
DA:33,0
DA:34,0
DA:36,0
DA:40,0
LF:23
LH:0
BRF:0
BRH:0
end_of_record
TN:
SF:controllers/sectionController.js
FN:11,(anonymous_0)
FN:21,(anonymous_1)
FN:36,(anonymous_2)
FN:52,(anonymous_3)
FN:66,(anonymous_4)
FNF:5
FNH:0
FNDA:0,(anonymous_0)
FNDA:0,(anonymous_1)
FNDA:0,(anonymous_2)
FNDA:0,(anonymous_3)
FNDA:0,(anonymous_4)
DA:1,0
DA:9,0
DA:11,0
DA:12,0
DA:13,0
DA:14,0
DA:16,0
DA:17,0
DA:21,0
DA:22,0
DA:23,0
DA:24,0
DA:25,0
DA:26,0
DA:27,0
DA:30,0
DA:32,0
DA:36,0
DA:37,0
DA:38,0
DA:42,0
DA:43,0
DA:44,0
DA:45,0
DA:47,0
DA:48,0
DA:52,0
DA:53,0
DA:54,0
DA:56,0
DA:57,0
DA:60,0
DA:62,0
DA:66,0
DA:67,0
DA:68,0
DA:70,0
DA:71,0
DA:74,0
DA:76,0
DA:80,0
LF:41
LH:0
BRDA:25,0,0,0
BRDA:25,0,1,0
BRDA:56,1,0,0
BRDA:56,1,1,0
BRDA:70,2,0,0
BRDA:70,2,1,0
BRF:6
BRH:0
end_of_record
TN:
SF:controllers/taskController.js
FN:4,(anonymous_0)
FN:14,(anonymous_1)
FN:24,(anonymous_2)
FN:34,(anonymous_3)
FN:44,(anonymous_4)
FNF:5
FNH:0
FNDA:0,(anonymous_0)
FNDA:0,(anonymous_1)
FNDA:0,(anonymous_2)
FNDA:0,(anonymous_3)
FNDA:0,(anonymous_4)
DA:1,0
DA:2,0
DA:4,0
DA:5,0
DA:6,0
DA:7,0
DA:8,0
DA:10,0
DA:14,0
DA:15,0
DA:16,0
DA:17,0
DA:20,0
DA:24,0
DA:25,0
DA:26,0
DA:27,0
DA:30,0
DA:34,0
DA:35,0
DA:36,0
DA:37,0
DA:40,0
DA:44,0
DA:45,0
DA:46,0
DA:47,0
DA:49,0
DA:53,0
LF:29
LH:0
BRF:0
BRH:0
end_of_record
TN:
SF:services/gardenService.js
FN:3,createGarden
FN:21,getAllGardens
FN:25,getGardensByUserId
FN:29,getGardenById
FN:34,joinGarden
FN:49,joinGardenByCode
FN:68,leaveGarden
FN:82,(anonymous_7)
FN:87,updateGarden
FN:118,deleteGarden
FN:131,(anonymous_10)
FN:142,(anonymous_11)
FNF:12
FNH:0
FNDA:0,createGarden
FNDA:0,getAllGardens
FNDA:0,getGardensByUserId
FNDA:0,getGardenById
FNDA:0,joinGarden
FNDA:0,joinGardenByCode
FNDA:0,leaveGarden
FNDA:0,(anonymous_7)
FNDA:0,updateGarden
FNDA:0,deleteGarden
FNDA:0,(anonymous_10)
FNDA:0,(anonymous_11)
DA:1,0
DA:6,0
DA:7,0
DA:9,0
DA:18,0
DA:22,0
DA:26,0
DA:30,0
DA:35,0
DA:36,0
DA:37,0
DA:40,0
DA:41,0
DA:44,0
DA:45,0
DA:46,0
DA:50,0
DA:51,0
DA:52,0
DA:55,0
DA:56,0
DA:59,0
DA:60,0
DA:63,0
DA:64,0
DA:65,0
DA:69,0
DA:70,0
DA:71,0
DA:74,0
DA:75,0
DA:78,0
DA:79,0
DA:82,0
DA:83,0
DA:84,0
DA:88,0
DA:89,0
DA:90,0
DA:93,0
DA:94,0
DA:97,0
DA:98,0
DA:101,0
DA:102,0
DA:105,0
DA:106,0
DA:108,0
DA:109,0
DA:110,0
DA:111,0
DA:114,0
DA:115,0
DA:119,0
DA:120,0
DA:121,0
DA:124,0
DA:125,0
DA:128,0
DA:131,0
DA:132,0
DA:133,0
DA:134,0
DA:136,0
DA:137,0
DA:139,0
DA:140,0
DA:142,0
DA:143,0
DA:146,0
LF:70
LH:0
BRDA:36,0,0,0
BRDA:36,0,1,0
BRDA:40,1,0,0
BRDA:40,1,1,0
BRDA:51,2,0,0
BRDA:51,2,1,0
BRDA:55,3,0,0
BRDA:55,3,1,0
BRDA:59,4,0,0
BRDA:59,4,1,0
BRDA:70,5,0,0
BRDA:70,5,1,0
BRDA:74,6,0,0
BRDA:74,6,1,0
BRDA:78,7,0,0
BRDA:78,7,1,0
BRDA:89,8,0,0
BRDA:89,8,1,0
BRDA:93,9,0,0
BRDA:93,9,1,0
BRDA:97,10,0,0
BRDA:97,10,1,0
BRDA:101,11,0,0
BRDA:101,11,1,0
BRDA:105,12,0,0
BRDA:105,12,1,0
BRDA:109,13,0,0
BRDA:109,13,1,0
BRDA:120,14,0,0
BRDA:120,14,1,0
BRDA:124,15,0,0
BRDA:124,15,1,0
BRDA:133,16,0,0
BRDA:133,16,1,0
BRDA:136,17,0,0
BRDA:136,17,1,0
BRDA:139,18,0,0
BRDA:139,18,1,0
BRF:38
BRH:0
end_of_record
TN:
SF:services/inventoryService.js
FN:3,getItems
FN:7,createItem
FN:11,updateItem
FN:15,deleteItem
FNF:4
FNH:0
FNDA:0,getItems
FNDA:0,createItem
FNDA:0,updateItem
FNDA:0,deleteItem
DA:1,0
DA:4,0
DA:8,0
DA:12,0
DA:16,0
DA:19,0
LF:6
LH:0
BRF:0
BRH:0
end_of_record
TN:
SF:services/sectionService.js
FN:3,(anonymous_0)
FN:7,(anonymous_1)
FN:12,(anonymous_2)
FN:16,(anonymous_3)
FN:20,(anonymous_4)
FNF:5
FNH:0
FNDA:0,(anonymous_0)
FNDA:0,(anonymous_1)
FNDA:0,(anonymous_2)
FNDA:0,(anonymous_3)
FNDA:0,(anonymous_4)
DA:1,0
DA:3,0
DA:4,0
DA:7,0
DA:8,0
DA:9,0
DA:12,0
DA:13,0
DA:16,0
DA:17,0
DA:20,0
DA:21,0
DA:24,0
LF:13
LH:0
BRF:0
BRH:0
end_of_record
TN:
SF:services/taskService.js
FN:3,getTask
FN:10,createTask
FN:14,updateTask
FN:18,deleteTask
FN:22,toggleCheckBox
FNF:5
FNH:0
FNDA:0,getTask
FNDA:0,createTask
FNDA:0,updateTask
FNDA:0,deleteTask
FNDA:0,toggleCheckBox
DA:1,0
DA:4,0
DA:5,0
DA:7,0
DA:11,0
DA:15,0
DA:19,0
DA:23,0
DA:24,0
DA:25,0
DA:28,0
LF:11
LH:0
BRDA:4,0,0,0
BRDA:4,0,1,0
BRF:2
BRH:0
end_of_record
TN:
SF:services/userService.js
FN:9,(anonymous_0)
FN:18,register
FN:40,login
FN:59,logout
FN:63,getUserById
FN:67,getUserByUsername
FN:71,updateUser
FN:101,deleteUser
FN:109,getRandomPastelColor
FN:127,getUserByEmail
FN:131,updateUserPassword
FN:143,updateEmail
FN:153,updateUsername
FN:164,createToken
FNF:14
FNH:0
FNDA:0,(anonymous_0)
FNDA:0,register
FNDA:0,login
FNDA:0,logout
FNDA:0,getUserById
FNDA:0,getUserByUsername
FNDA:0,updateUser
FNDA:0,deleteUser
FNDA:0,getRandomPastelColor
FNDA:0,getUserByEmail
FNDA:0,updateUserPassword
FNDA:0,updateEmail
FNDA:0,updateUsername
FNDA:0,createToken
DA:1,0
DA:2,0
DA:3,0
DA:4,0
DA:7,0
DA:9,0
DA:10,0
DA:11,0
DA:12,0
DA:14,0
DA:19,0
DA:20,0
DA:21,0
DA:24,0
DA:25,0
DA:26,0
DA:29,0
DA:36,0
DA:41,0
DA:42,0
DA:43,0
DA:47,0
DA:48,0
DA:51,0
DA:52,0
DA:53,0
DA:56,0
DA:60,0
DA:64,0
DA:68,0
DA:72,0
DA:73,0
DA:74,0
DA:77,0
DA:78,0
DA:81,0
DA:82,0
DA:85,0
DA:86,0
DA:87,0
DA:88,0
DA:90,0
DA:93,0
DA:94,0
DA:97,0
DA:98,0
DA:102,0
DA:103,0
DA:104,0
DA:106,0
DA:110,0
DA:123,0
DA:124,0
DA:128,0
DA:133,0
DA:135,0
DA:136,0
DA:139,0
DA:140,0
DA:144,0
DA:145,0
DA:146,0
DA:149,0
DA:150,0
DA:154,0
DA:155,0
DA:156,0
DA:159,0
DA:160,0
DA:161,0
DA:165,0
DA:172,0
DA:181,0
LF:73
LH:0
BRDA:20,0,0,0
BRDA:20,0,1,0
BRDA:25,1,0,0
BRDA:25,1,1,0
BRDA:42,2,0,0
BRDA:42,2,1,0
BRDA:47,3,0,0
BRDA:47,3,1,0
BRDA:47,4,0,0
BRDA:47,4,1,0
BRDA:52,5,0,0
BRDA:52,5,1,0
BRDA:73,6,0,0
BRDA:73,6,1,0
BRDA:77,7,0,0
BRDA:77,7,1,0
BRDA:81,8,0,0
BRDA:81,8,1,0
BRDA:85,9,0,0
BRDA:85,9,1,0
BRDA:87,10,0,0
BRDA:87,10,1,0
BRDA:87,11,0,0
BRDA:87,11,1,0
BRDA:93,12,0,0
BRDA:93,12,1,0
BRDA:103,13,0,0
BRDA:103,13,1,0
BRDA:135,14,0,0
BRDA:135,14,1,0
BRDA:145,15,0,0
BRDA:145,15,1,0
BRDA:155,16,0,0
BRDA:155,16,1,0
BRF:34
BRH:0
end_of_record
